<?xml version="1.0" encoding="utf-8"?><testsuites name="pytest tests"><testsuite name="pytest" errors="0" failures="0" skipped="0" tests="19" time="6.963" timestamp="2026-03-19T14:37:45.613379+00:00" hostname="agent-env-813d4c06-70fc-4646-97c4-302a862409b8"><testcase classname="tests.test_iteration2_features.TestCurrentBalanceSetup" name="test_setup_with_current_balance" time="0.443" /><testcase classname="tests.test_iteration2_features.TestCurrentBalanceSetup" name="test_setup_without_current_balance" time="0.167" /><testcase classname="tests.test_iteration2_features.TestBalanceUpdate" name="test_update_balance_success" time="0.507" /><testcase classname="tests.test_iteration2_features.TestBalanceUpdate" name="test_update_balance_non_existing_device" time="0.107" /><testcase classname="tests.test_iteration2_features.TestSummaryWithCurrentBalance" name="test_summary_includes_current_balance" time="0.258" /><testcase classname="tests.test_iteration2_features.TestSummaryWithCurrentBalance" name="test_summary_includes_health_status" time="0.330" /><testcase classname="tests.test_iteration2_features.TestSummaryWithCurrentBalance" name="test_health_status_critical_when_balance_zero" time="0.223" /><testcase classname="tests.test_iteration2_features.TestFixedExpensesCRUD" name="test_add_fixed_expense" time="0.322" /><testcase classname="tests.test_iteration2_features.TestFixedExpensesCRUD" name="test_get_fixed_expenses_list" time="0.608" /><testcase classname="tests.test_iteration2_features.TestFixedExpensesCRUD" name="test_toggle_fixed_expense_paid_status" time="0.638" /><testcase classname="tests.test_iteration2_features.TestFixedExpensesCRUD" name="test_toggle_non_existing_expense" time="0.253" /><testcase classname="tests.test_iteration2_features.TestFixedExpensesCRUD" name="test_delete_fixed_expense" time="0.742" /><testcase classname="tests.test_iteration2_features.TestFixedExpensesCRUD" name="test_delete_non_existing_expense" time="0.275" /><testcase classname="tests.test_iteration2_features.TestExpenseDeductsBalance" name="test_expense_deducts_from_current_balance" time="0.465" /><testcase classname="tests.test_iteration2_features.TestTimeline" name="test_timeline_returns_data" time="0.224" /><testcase classname="tests.test_iteration2_features.TestTimeline" name="test_timeline_has_required_fields" time="0.207" /><testcase classname="tests.test_iteration2_features.TestTimeline" name="test_timeline_non_existing_device" time="0.150" /><testcase classname="tests.test_iteration2_features.TestStreakCalendar" name="test_streak_calendar_returns_data" time="0.406" /><testcase classname="tests.test_iteration2_features.TestStreakCalendar" name="test_streak_calendar_with_activities" time="0.479" /></testsuite></testsuites>