<?xml version="1.0" encoding="utf-8"?><testsuites name="pytest tests"><testsuite name="pytest" errors="0" failures="0" skipped="0" tests="14" time="4.271" timestamp="2026-03-18T14:57:20.478764+00:00" hostname="agent-env-813d4c06-70fc-4646-97c4-302a862409b8"><testcase classname="tests.test_niveli_api.TestHealthCheck" name="test_api_root" time="0.363" /><testcase classname="tests.test_niveli_api.TestDeviceSetup" name="test_setup_new_device" time="0.281" /><testcase classname="tests.test_niveli_api.TestDeviceSetup" name="test_setup_update_existing_device" time="0.396" /><testcase classname="tests.test_niveli_api.TestDeviceProfile" name="test_get_existing_profile" time="0.326" /><testcase classname="tests.test_niveli_api.TestDeviceProfile" name="test_get_non_existing_profile" time="0.148" /><testcase classname="tests.test_niveli_api.TestExpenseTracking" name="test_add_expense_success" time="0.385" /><testcase classname="tests.test_niveli_api.TestExpenseTracking" name="test_add_multiple_expenses" time="0.617" /><testcase classname="tests.test_niveli_api.TestExpenseTracking" name="test_add_invalid_expense_zero" time="0.210" /><testcase classname="tests.test_niveli_api.TestExpenseTracking" name="test_add_invalid_expense_negative" time="0.222" /><testcase classname="tests.test_niveli_api.TestNoSpendTracking" name="test_log_no_spend_day" time="0.351" /><testcase classname="tests.test_niveli_api.TestSummaryCalculations" name="test_summary_basic_calculations" time="0.257" /><testcase classname="tests.test_niveli_api.TestSummaryCalculations" name="test_summary_with_expenses" time="0.323" /><testcase classname="tests.test_niveli_api.TestSummaryCalculations" name="test_summary_non_existing_device" time="0.105" /><testcase classname="tests.test_niveli_api.TestSummaryCalculations" name="test_summary_feedback_messages" time="0.220" /></testsuite></testsuites>